<?xml version="1.0" encoding="UTF-8"?>
<!-- Generated by org.testng.reporters.JUnitReportReporter -->
<testsuite hostname="DESKTOP-4M14A0P" failures="0" tests="2" name="nov1.AdvanceReports" time="10.248" errors="0" timestamp="2022-11-01T20:29:44 IST" skipped="0">
  <testcase classname="nov1.AdvanceReports" name="failTest" time="4.503"/>
  <system-out>
    <![CDATA[Title not Matching]]>
  </system-out>
  <testcase classname="nov1.AdvanceReports" name="passtest" time="5.745"/>
  <system-out>
    <![CDATA[Title Matching]]>
  </system-out>
</testsuite> <!-- nov1.AdvanceReports -->
